2026-07-03 01:11:18 INFO  Utils:112 - [Utils] MethodGroupsHelper.collectMethodsByGroup() took 1 ms.
2026-07-03 01:11:18 INFO  Utils:112 - [Utils] MethodGroupsHelper.sortMethods() took 7 ms.
2026-07-03 01:11:18 INFO  Utils:112 - [Utils] MethodGroupsHelper.collectMethodsByGroup() took 0 ms.
2026-07-03 01:11:18 INFO  Utils:112 - [Utils] MethodGroupsHelper.sortMethods() took 0 ms.
2026-07-03 01:11:18 INFO  Utils:112 - [Utils] MethodGroupsHelper.collectMethodsByGroup() took 0 ms.
2026-07-03 01:11:18 INFO  Utils:112 - [Utils] MethodGroupsHelper.sortMethods() took 0 ms.
2026-07-03 01:11:18 INFO  Utils:112 - [Utils] MethodGroupsHelper.collectMethodsByGroup() took 0 ms.
2026-07-03 01:11:18 INFO  Utils:112 - [Utils] MethodGroupsHelper.sortMethods() took 0 ms.
2026-07-03 01:11:18 INFO  Utils:112 - [Utils] MethodGroupsHelper.collectMethodsByGroup() took 4 ms.
2026-07-03 01:11:18 INFO  Utils:112 - [Utils] MethodGroupsHelper.sortMethods() took 16 ms.
2026-07-03 01:11:18 INFO  Utils:112 - [Utils] MethodGroupsHelper.collectMethodsByGroup() took 0 ms.
2026-07-03 01:11:18 INFO  Utils:112 - [Utils] MethodGroupsHelper.sortMethods() took 0 ms.
2026-07-03 01:11:18 INFO  Utils:112 - [Utils] MethodGroupsHelper.collectMethodsByGroup() took 0 ms.
2026-07-03 01:11:18 INFO  Utils:112 - [Utils] MethodGroupsHelper.sortMethods() took 0 ms.
2026-07-03 01:11:18 INFO  Utils:112 - [Utils] MethodGroupsHelper.collectMethodsByGroup() took 0 ms.
2026-07-03 01:11:18 INFO  Utils:112 - [Utils] MethodGroupsHelper.sortMethods() took 0 ms.
2026-07-03 01:11:18 INFO  Utils:112 - [Utils] MethodGroupsHelper.collectMethodsByGroup() took 0 ms.
2026-07-03 01:11:18 INFO  Utils:112 - [Utils] MethodGroupsHelper.sortMethods() took 10 ms.
2026-07-03 01:11:18 INFO  Utils:112 - [Utils] MethodGroupsHelper.collectMethodsByGroup() took 0 ms.
2026-07-03 01:11:18 INFO  Utils:112 - [Utils] MethodGroupsHelper.sortMethods() took 1 ms.
2026-07-03 01:11:18 INFO  Utils:112 - [Utils] MethodGroupsHelper.collectMethodsByGroup() took 0 ms.
2026-07-03 01:11:18 INFO  Utils:112 - [Utils] MethodGroupsHelper.sortMethods() took 0 ms.
2026-07-03 01:11:18 INFO  Utils:112 - [Utils] MethodGroupsHelper.collectMethodsByGroup() took 0 ms.
2026-07-03 01:11:18 INFO  Utils:112 - [Utils] MethodGroupsHelper.sortMethods() took 0 ms.
2026-07-03 01:11:18 INFO  Utils:112 - [Utils] MethodGroupsHelper.collectMethodsByGroup() took 0 ms.
2026-07-03 01:11:18 INFO  Utils:112 - [Utils] MethodGroupsHelper.sortMethods() took 0 ms.
2026-07-03 01:11:18 INFO  Utils:112 - [Utils] MethodGroupsHelper.collectMethodsByGroup() took 0 ms.
2026-07-03 01:11:18 INFO  Utils:112 - [Utils] MethodGroupsHelper.sortMethods() took 0 ms.
2026-07-03 01:11:18 INFO  Utils:112 - [Utils] MethodGroupsHelper.collectMethodsByGroup() took 0 ms.
2026-07-03 01:11:18 INFO  Utils:112 - [Utils] MethodGroupsHelper.sortMethods() took 0 ms.
2026-07-03 01:11:18 INFO  Utils:112 - [Utils] MethodGroupsHelper.collectMethodsByGroup() took 0 ms.
2026-07-03 01:11:18 INFO  Utils:112 - [Utils] MethodGroupsHelper.sortMethods() took 0 ms.
2026-07-03 01:11:18 INFO  Utils:112 - [Utils] MethodGroupsHelper.collectMethodsByGroup() took 0 ms.
2026-07-03 01:11:18 INFO  Utils:112 - [Utils] MethodGroupsHelper.sortMethods() took 0 ms.
2026-07-03 01:11:18 INFO  Utils:112 - [Utils] MethodGroupsHelper.collectMethodsByGroup() took 0 ms.
2026-07-03 01:11:18 INFO  Utils:112 - [Utils] MethodGroupsHelper.sortMethods() took 0 ms.
2026-07-03 01:11:18 INFO  Utils:112 - [Utils] MethodGroupsHelper.collectMethodsByGroup() took 0 ms.
2026-07-03 01:11:18 INFO  Utils:112 - [Utils] MethodGroupsHelper.sortMethods() took 0 ms.
2026-07-03 01:11:18 INFO  Utils:112 - [Utils] MethodGroupsHelper.collectMethodsByGroup() took 0 ms.
2026-07-03 01:11:18 INFO  Utils:112 - [Utils] MethodGroupsHelper.sortMethods() took 1 ms.
2026-07-03 01:11:18 INFO  Utils:112 - [Utils] MethodGroupsHelper.collectMethodsByGroup() took 0 ms.
2026-07-03 01:11:18 INFO  Utils:112 - [Utils] MethodGroupsHelper.sortMethods() took 0 ms.
2026-07-03 01:11:18 INFO  Utils:112 - [Utils] MethodGroupsHelper.collectMethodsByGroup() took 0 ms.
2026-07-03 01:11:18 INFO  Utils:112 - [Utils] MethodGroupsHelper.sortMethods() took 0 ms.
2026-07-03 01:11:18 INFO  Utils:112 - [Utils] MethodGroupsHelper.collectMethodsByGroup() took 0 ms.
2026-07-03 01:11:18 INFO  Utils:112 - [Utils] MethodGroupsHelper.sortMethods() took 0 ms.
2026-07-03 01:11:18 INFO  Utils:112 - [Utils] MethodGroupsHelper.collectMethodsByGroup() took 0 ms.
2026-07-03 01:11:18 INFO  Utils:112 - [Utils] MethodGroupsHelper.sortMethods() took 0 ms.
2026-07-03 01:11:18 INFO  Utils:112 - [Utils] MethodGroupsHelper.collectMethodsByGroup() took 0 ms.
2026-07-03 01:11:18 INFO  Utils:112 - [Utils] MethodGroupsHelper.sortMethods() took 0 ms.
2026-07-03 01:11:18 INFO  Utils:112 - [Utils] MethodGroupsHelper.collectMethodsByGroup() took 0 ms.
2026-07-03 01:11:18 INFO  Utils:112 - [Utils] MethodGroupsHelper.sortMethods() took 0 ms.
2026-07-03 01:11:18 INFO  Utils:112 - [Utils] MethodGroupsHelper.collectMethodsByGroup() took 0 ms.
2026-07-03 01:11:18 INFO  Utils:112 - [Utils] MethodGroupsHelper.sortMethods() took 0 ms.
2026-07-03 01:11:18 INFO  Utils:112 - [Utils] MethodGroupsHelper.collectMethodsByGroup() took 0 ms.
2026-07-03 01:11:18 INFO  Utils:112 - [Utils] MethodGroupsHelper.sortMethods() took 0 ms.
2026-07-03 01:11:18 INFO  Utils:112 - [Utils] MethodGroupsHelper.collectMethodsByGroup() took 0 ms.
2026-07-03 01:11:18 INFO  Utils:112 - [Utils] MethodGroupsHelper.sortMethods() took 0 ms.
2026-07-03 01:11:18 INFO  Utils:112 - [Utils] MethodGroupsHelper.collectMethodsByGroup() took 0 ms.
2026-07-03 01:11:18 INFO  Utils:112 - [Utils] MethodGroupsHelper.sortMethods() took 0 ms.
2026-07-03 01:11:18 INFO  Utils:112 - [Utils] MethodGroupsHelper.collectMethodsByGroup() took 0 ms.
2026-07-03 01:11:18 INFO  Utils:112 - [Utils] MethodGroupsHelper.sortMethods() took 0 ms.
2026-07-03 01:11:18 INFO  Utils:112 - [Utils] MethodGroupsHelper.collectMethodsByGroup() took 0 ms.
2026-07-03 01:11:18 INFO  Utils:112 - [Utils] MethodGroupsHelper.sortMethods() took 0 ms.
2026-07-03 01:11:18 INFO  Utils:112 - [Utils] MethodGroupsHelper.collectMethodsByGroup() took 0 ms.
2026-07-03 01:11:18 INFO  Utils:112 - [Utils] MethodGroupsHelper.sortMethods() took 0 ms.
2026-07-03 01:11:18 INFO  Utils:112 - [Utils] MethodGroupsHelper.collectMethodsByGroup() took 0 ms.
2026-07-03 01:11:18 INFO  Utils:112 - [Utils] MethodGroupsHelper.sortMethods() took 0 ms.
2026-07-03 01:11:18 INFO  Utils:112 - [Utils] MethodGroupsHelper.collectMethodsByGroup() took 0 ms.
2026-07-03 01:11:18 INFO  Utils:112 - [Utils] MethodGroupsHelper.sortMethods() took 0 ms.
2026-07-03 01:11:18 INFO  Utils:112 - [Utils] MethodGroupsHelper.collectMethodsByGroup() took 0 ms.
2026-07-03 01:11:18 INFO  Utils:112 - [Utils] MethodGroupsHelper.sortMethods() took 0 ms.
2026-07-03 01:11:18 INFO  Utils:112 - [Utils] MethodGroupsHelper.collectMethodsByGroup() took 0 ms.
2026-07-03 01:11:18 INFO  Utils:112 - [Utils] MethodGroupsHelper.sortMethods() took 0 ms.
2026-07-03 01:11:18 INFO  Utils:112 - [Utils] MethodGroupsHelper.collectMethodsByGroup() took 0 ms.
2026-07-03 01:11:18 INFO  Utils:112 - [Utils] MethodGroupsHelper.sortMethods() took 0 ms.
2026-07-03 01:11:18 INFO  Utils:112 - [Utils] MethodGroupsHelper.collectMethodsByGroup() took 0 ms.
2026-07-03 01:11:18 INFO  Utils:112 - [Utils] MethodGroupsHelper.sortMethods() took 0 ms.
2026-07-03 01:11:18 INFO  Utils:112 - [Utils] MethodGroupsHelper.collectMethodsByGroup() took 0 ms.
2026-07-03 01:11:18 INFO  Utils:112 - [Utils] MethodGroupsHelper.sortMethods() took 1 ms.
2026-07-03 01:11:18 INFO  Utils:112 - [Utils] MethodGroupsHelper.collectMethodsByGroup() took 0 ms.
2026-07-03 01:11:18 INFO  Utils:112 - [Utils] MethodGroupsHelper.sortMethods() took 0 ms.
2026-07-03 01:11:18 INFO  Utils:112 - [Utils] MethodGroupsHelper.collectMethodsByGroup() took 0 ms.
2026-07-03 01:11:18 INFO  Utils:112 - [Utils] MethodGroupsHelper.sortMethods() took 0 ms.
2026-07-03 01:11:18 INFO  Utils:112 - [Utils] MethodGroupsHelper.collectMethodsByGroup() took 1 ms.
2026-07-03 01:11:18 INFO  Utils:112 - [Utils] MethodGroupsHelper.sortMethods() took 3 ms.
2026-07-03 01:11:18 INFO  Utils:112 - [Utils] MethodGroupsHelper.collectMethodsByGroup() took 0 ms.
2026-07-03 01:11:18 INFO  Utils:112 - [Utils] MethodGroupsHelper.sortMethods() took 0 ms.
2026-07-03 01:11:18 INFO  Utils:112 - [Utils] MethodGroupsHelper.collectMethodsByGroup() took 0 ms.
2026-07-03 01:11:18 INFO  Utils:112 - [Utils] MethodGroupsHelper.sortMethods() took 0 ms.
2026-07-03 01:11:18 INFO  Utils:112 - [TestNG] Running:
  C:\Users\2494470\OneDrive - Cognizant\Desktop\RideOnDemandTesting_New\RideOnDemandTesting_New\testng.xml

2026-07-03 01:11:19 INFO  Utils:112 - [Utils] DynamicGraphHelper.createDynamicGraph() took 7 ms.
2026-07-03 01:11:31 INFO  TS003:25 - Logging in as customer.
2026-07-03 01:11:31 INFO  TS003:32 - Logging in as new customer.
2026-07-03 01:11:34 INFO  TS003:125 - Providing user credentials...
2026-07-03 01:11:35 INFO  TS003:128 - Trying to logging in...
2026-07-03 01:11:38 INFO  TS003:52 - Customer login successful.
2026-07-03 01:11:38 INFO  TS003:101 - Executing TC_021 - Verify Dashboard For New User
2026-07-03 01:11:58 INFO  TS003:130 - TC_021 completed successfully.
2026-07-03 01:12:05 INFO  TS003:25 - Logging in as customer.
2026-07-03 01:12:05 INFO  TS003:39 - Logging in as existing customer.
2026-07-03 01:12:05 INFO  TS003:125 - Providing user credentials...
2026-07-03 01:12:06 INFO  TS003:128 - Trying to logging in...
2026-07-03 01:12:08 INFO  TS003:52 - Customer login successful.
2026-07-03 01:12:08 INFO  TS003:67 - Executing TC_020 - Verify Customer Dashboard
2026-07-03 01:12:13 INFO  TS003:86 - TC_020 completed successfully.
2026-07-03 01:12:18 INFO  TS004:22 - Logging in as customer.
2026-07-03 01:12:18 INFO  TS004:125 - Providing user credentials...
2026-07-03 01:12:19 INFO  TS004:128 - Trying to logging in...
2026-07-03 01:12:21 INFO  TS004:34 - Customer login successful.
2026-07-03 01:12:21 INFO  TS004:52 - Executing TC_022
2026-07-03 01:12:21 INFO  TS004:71 - TC_022 completed successfully.
2026-07-03 01:12:26 INFO  TS004:22 - Logging in as customer.
2026-07-03 01:12:26 INFO  TS004:125 - Providing user credentials...
2026-07-03 01:12:27 INFO  TS004:128 - Trying to logging in...
2026-07-03 01:12:29 INFO  TS004:34 - Customer login successful.
2026-07-03 01:12:29 INFO  TS004:88 - Executing TC_023
2026-07-03 01:12:34 INFO  TS004:115 - TC_023 completed successfully.
2026-07-03 01:12:39 INFO  TS004:22 - Logging in as customer.
2026-07-03 01:12:39 INFO  TS004:125 - Providing user credentials...
2026-07-03 01:12:40 INFO  TS004:128 - Trying to logging in...
2026-07-03 01:12:43 INFO  TS004:34 - Customer login successful.
2026-07-03 01:12:43 INFO  TS004:135 - Executing TC_024
2026-07-03 01:12:53 INFO  TS004:216 - TC_024 completed successfully.
2026-07-03 01:13:00 INFO  TS005:22 - Logging in as customer.
2026-07-03 01:13:01 INFO  TS005:125 - Providing user credentials...
2026-07-03 01:13:01 INFO  TS005:128 - Trying to logging in...
2026-07-03 01:13:05 INFO  TS005:49 - Customer login successful.
2026-07-03 01:13:05 INFO  TS005:67 - Executing TC_024
2026-07-03 01:13:05 INFO  TS005:77 - TC_024 completed successfully.
2026-07-03 01:13:10 INFO  TS005:22 - Logging in as customer.
2026-07-03 01:13:10 INFO  TS005:125 - Providing user credentials...
2026-07-03 01:13:10 INFO  TS005:128 - Trying to logging in...
2026-07-03 01:13:14 INFO  TS005:49 - Customer login successful.
2026-07-03 01:13:14 INFO  TS005:94 - Executing TC_025
2026-07-03 01:13:14 INFO  TS005:127 - TC_025 completed successfully.
2026-07-03 01:13:19 INFO  TS005:22 - Logging in as customer.
2026-07-03 01:13:19 INFO  TS005:125 - Providing user credentials...
2026-07-03 01:13:19 INFO  TS005:128 - Trying to logging in...
2026-07-03 01:13:22 INFO  TS005:49 - Customer login successful.
2026-07-03 01:13:22 INFO  TS005:143 - Executing TC_026
2026-07-03 01:13:22 INFO  TS005:155 - TC_026 PASSED: Notifications section shows empty state
2026-07-03 01:13:27 INFO  TS005:22 - Logging in as customer.
2026-07-03 01:13:27 INFO  TS005:125 - Providing user credentials...
2026-07-03 01:13:28 INFO  TS005:128 - Trying to logging in...
2026-07-03 01:13:31 INFO  TS005:49 - Customer login successful.
2026-07-03 01:13:31 INFO  TS005:207 - Executing TC_028
2026-07-03 01:13:31 INFO  TS005:215 - TC_028 completed successfully.
2026-07-03 01:13:36 INFO  TS006:24 - Logging in as customer.
2026-07-03 01:13:36 INFO  TS006:125 - Providing user credentials...
2026-07-03 01:13:37 INFO  TS006:128 - Trying to logging in...
2026-07-03 01:13:42 INFO  TS006:51 - Customer login successful.
2026-07-03 01:13:42 INFO  TS006:71 - Executing TC_029
2026-07-03 01:13:43 INFO  TS006:73 - TC_029 completed successfully.
2026-07-03 01:13:48 INFO  TS006:24 - Logging in as customer.
2026-07-03 01:13:48 INFO  TS006:125 - Providing user credentials...
2026-07-03 01:13:48 INFO  TS006:128 - Trying to logging in...
2026-07-03 01:13:56 INFO  TS006:51 - Customer login successful.
2026-07-03 01:13:56 INFO  TS006:88 - Executing TC_030
2026-07-03 01:13:57 INFO  TS006:98 - TC_030 completed successfully.
2026-07-03 01:14:01 INFO  TS006:24 - Logging in as customer.
2026-07-03 01:14:02 INFO  TS006:125 - Providing user credentials...
2026-07-03 01:14:02 INFO  TS006:128 - Trying to logging in...
2026-07-03 01:14:09 INFO  TS006:51 - Customer login successful.
2026-07-03 01:14:09 INFO  TS006:114 - Executing TC_031
2026-07-03 01:14:09 INFO  TS006:116 - ---------- Empty Field Test ----------
2026-07-03 01:14:09 WARN  TS006:126 - Observation: Empty fields accepted.
2026-07-03 01:14:09 INFO  TS006:131 - ---------- Invalid Date Test ----------
2026-07-03 01:14:10 WARN  TS006:141 - Observation: Past dates accepted.
2026-07-03 01:14:10 INFO  TS006:145 - ---------- Invalid Budget Test ----------
2026-07-03 01:14:10 WARN  TS006:155 - Observation: Negative budget accepted.
2026-07-03 01:14:16 INFO  TS006:24 - Logging in as customer.
2026-07-03 01:14:16 INFO  TS006:125 - Providing user credentials...
2026-07-03 01:14:16 INFO  TS006:128 - Trying to logging in...
2026-07-03 01:14:24 INFO  TS006:51 - Customer login successful.
2026-07-03 01:14:24 INFO  TS006:179 - Executing TC_032
2026-07-03 01:14:25 INFO  TS006:204 - TC_032 completed successfully.
2026-07-03 01:14:29 INFO  TS006:24 - Logging in as customer.
2026-07-03 01:14:30 INFO  TS006:125 - Providing user credentials...
2026-07-03 01:14:30 INFO  TS006:128 - Trying to logging in...
2026-07-03 01:14:35 INFO  TS006:51 - Customer login successful.
2026-07-03 01:14:35 INFO  TS006:221 - Executing TC_033
2026-07-03 01:14:35 WARN  TS006:249 - Observation: Application allows End Date before Start Date.
2026-07-03 01:14:41 INFO  TS006:24 - Logging in as customer.
2026-07-03 01:14:41 INFO  TS006:125 - Providing user credentials...
2026-07-03 01:14:41 INFO  TS006:128 - Trying to logging in...
2026-07-03 01:14:46 INFO  TS006:51 - Customer login successful.
2026-07-03 01:14:46 INFO  TS006:272 - Executing TC_034
2026-07-03 01:14:47 INFO  TS006:288 - TC_034 completed successfully.
2026-07-03 01:14:52 INFO  TS006:24 - Logging in as customer.
2026-07-03 01:14:52 INFO  TS006:125 - Providing user credentials...
2026-07-03 01:14:53 INFO  TS006:128 - Trying to logging in...
2026-07-03 01:15:01 INFO  TS006:51 - Customer login successful.
2026-07-03 01:15:01 INFO  TS006:305 - Executing TC_035
2026-07-03 01:15:42 INFO  TS006:340 - TC_035 completed successfully.
2026-07-03 01:15:50 INFO  TS006:24 - Logging in as customer.
2026-07-03 01:15:50 INFO  TS006:125 - Providing user credentials...
2026-07-03 01:15:50 INFO  TS006:128 - Trying to logging in...
2026-07-03 01:15:55 INFO  TS006:51 - Customer login successful.
2026-07-03 01:15:56 INFO  TS006:398 - TC_036 completed successfully.
2026-07-03 01:16:01 INFO  Utils:112 - [TestNG] Time taken by org.testng.internal.ExitCodeListener@24c9a52a: 0 ms
2026-07-03 01:21:48 INFO  Utils:112 - [Utils] MethodGroupsHelper.collectMethodsByGroup() took 1 ms.
2026-07-03 01:21:48 INFO  Utils:112 - [Utils] MethodGroupsHelper.sortMethods() took 1 ms.
2026-07-03 01:21:48 INFO  Utils:112 - [Utils] MethodGroupsHelper.collectMethodsByGroup() took 0 ms.
2026-07-03 01:21:48 INFO  Utils:112 - [Utils] MethodGroupsHelper.sortMethods() took 0 ms.
2026-07-03 01:21:48 INFO  Utils:112 - [Utils] MethodGroupsHelper.collectMethodsByGroup() took 0 ms.
2026-07-03 01:21:48 INFO  Utils:112 - [Utils] MethodGroupsHelper.sortMethods() took 0 ms.
2026-07-03 01:21:48 INFO  Utils:112 - [Utils] MethodGroupsHelper.collectMethodsByGroup() took 0 ms.
2026-07-03 01:21:48 INFO  Utils:112 - [Utils] MethodGroupsHelper.sortMethods() took 0 ms.
2026-07-03 01:21:48 INFO  Utils:112 - [Utils] MethodGroupsHelper.collectMethodsByGroup() took 6 ms.
2026-07-03 01:21:48 INFO  Utils:112 - [Utils] MethodGroupsHelper.sortMethods() took 12 ms.
2026-07-03 01:21:48 INFO  Utils:112 - [Utils] MethodGroupsHelper.collectMethodsByGroup() took 0 ms.
2026-07-03 01:21:48 INFO  Utils:112 - [Utils] MethodGroupsHelper.sortMethods() took 0 ms.
2026-07-03 01:21:48 INFO  Utils:112 - [Utils] MethodGroupsHelper.collectMethodsByGroup() took 0 ms.
2026-07-03 01:21:48 INFO  Utils:112 - [Utils] MethodGroupsHelper.sortMethods() took 0 ms.
2026-07-03 01:21:48 INFO  Utils:112 - [Utils] MethodGroupsHelper.collectMethodsByGroup() took 0 ms.
2026-07-03 01:21:48 INFO  Utils:112 - [Utils] MethodGroupsHelper.sortMethods() took 0 ms.
2026-07-03 01:21:48 INFO  Utils:112 - [Utils] MethodGroupsHelper.collectMethodsByGroup() took 1 ms.
2026-07-03 01:21:48 INFO  Utils:112 - [Utils] MethodGroupsHelper.sortMethods() took 0 ms.
2026-07-03 01:21:48 INFO  Utils:112 - [Utils] MethodGroupsHelper.collectMethodsByGroup() took 0 ms.
2026-07-03 01:21:48 INFO  Utils:112 - [Utils] MethodGroupsHelper.sortMethods() took 0 ms.
2026-07-03 01:21:48 INFO  Utils:112 - [Utils] MethodGroupsHelper.collectMethodsByGroup() took 0 ms.
2026-07-03 01:21:48 INFO  Utils:112 - [Utils] MethodGroupsHelper.sortMethods() took 0 ms.
2026-07-03 01:21:48 INFO  Utils:112 - [Utils] MethodGroupsHelper.collectMethodsByGroup() took 0 ms.
2026-07-03 01:21:48 INFO  Utils:112 - [Utils] MethodGroupsHelper.sortMethods() took 0 ms.
2026-07-03 01:21:48 INFO  Utils:112 - [Utils] MethodGroupsHelper.collectMethodsByGroup() took 1 ms.
2026-07-03 01:21:48 INFO  Utils:112 - [Utils] MethodGroupsHelper.sortMethods() took 10 ms.
2026-07-03 01:21:48 INFO  Utils:112 - [Utils] MethodGroupsHelper.collectMethodsByGroup() took 0 ms.
2026-07-03 01:21:48 INFO  Utils:112 - [Utils] MethodGroupsHelper.sortMethods() took 0 ms.
2026-07-03 01:21:48 INFO  Utils:112 - [Utils] MethodGroupsHelper.collectMethodsByGroup() took 0 ms.
2026-07-03 01:21:48 INFO  Utils:112 - [Utils] MethodGroupsHelper.sortMethods() took 0 ms.
2026-07-03 01:21:48 INFO  Utils:112 - [Utils] MethodGroupsHelper.collectMethodsByGroup() took 0 ms.
2026-07-03 01:21:48 INFO  Utils:112 - [Utils] MethodGroupsHelper.sortMethods() took 0 ms.
2026-07-03 01:21:48 INFO  Utils:112 - [Utils] MethodGroupsHelper.collectMethodsByGroup() took 0 ms.
2026-07-03 01:21:48 INFO  Utils:112 - [Utils] MethodGroupsHelper.sortMethods() took 0 ms.
2026-07-03 01:21:48 INFO  Utils:112 - [Utils] MethodGroupsHelper.collectMethodsByGroup() took 0 ms.
2026-07-03 01:21:48 INFO  Utils:112 - [Utils] MethodGroupsHelper.sortMethods() took 0 ms.
2026-07-03 01:21:48 INFO  Utils:112 - [Utils] MethodGroupsHelper.collectMethodsByGroup() took 0 ms.
2026-07-03 01:21:48 INFO  Utils:112 - [Utils] MethodGroupsHelper.sortMethods() took 0 ms.
2026-07-03 01:21:48 INFO  Utils:112 - [Utils] MethodGroupsHelper.collectMethodsByGroup() took 0 ms.
2026-07-03 01:21:48 INFO  Utils:112 - [Utils] MethodGroupsHelper.sortMethods() took 0 ms.
2026-07-03 01:21:48 INFO  Utils:112 - [Utils] MethodGroupsHelper.collectMethodsByGroup() took 0 ms.
2026-07-03 01:21:48 INFO  Utils:112 - [Utils] MethodGroupsHelper.sortMethods() took 0 ms.
2026-07-03 01:21:48 INFO  Utils:112 - [Utils] MethodGroupsHelper.collectMethodsByGroup() took 0 ms.
2026-07-03 01:21:48 INFO  Utils:112 - [Utils] MethodGroupsHelper.sortMethods() took 0 ms.
2026-07-03 01:21:48 INFO  Utils:112 - [Utils] MethodGroupsHelper.collectMethodsByGroup() took 0 ms.
2026-07-03 01:21:48 INFO  Utils:112 - [Utils] MethodGroupsHelper.sortMethods() took 0 ms.
2026-07-03 01:21:48 INFO  Utils:112 - [Utils] MethodGroupsHelper.collectMethodsByGroup() took 0 ms.
2026-07-03 01:21:48 INFO  Utils:112 - [Utils] MethodGroupsHelper.sortMethods() took 1 ms.
2026-07-03 01:21:48 INFO  Utils:112 - [Utils] MethodGroupsHelper.collectMethodsByGroup() took 0 ms.
2026-07-03 01:21:48 INFO  Utils:112 - [Utils] MethodGroupsHelper.sortMethods() took 1 ms.
2026-07-03 01:21:48 INFO  Utils:112 - [Utils] MethodGroupsHelper.collectMethodsByGroup() took 0 ms.
2026-07-03 01:21:48 INFO  Utils:112 - [Utils] MethodGroupsHelper.sortMethods() took 0 ms.
2026-07-03 01:21:48 INFO  Utils:112 - [Utils] MethodGroupsHelper.collectMethodsByGroup() took 0 ms.
2026-07-03 01:21:48 INFO  Utils:112 - [Utils] MethodGroupsHelper.sortMethods() took 0 ms.
2026-07-03 01:21:48 INFO  Utils:112 - [Utils] MethodGroupsHelper.collectMethodsByGroup() took 0 ms.
2026-07-03 01:21:48 INFO  Utils:112 - [Utils] MethodGroupsHelper.sortMethods() took 0 ms.
2026-07-03 01:21:48 INFO  Utils:112 - [Utils] MethodGroupsHelper.collectMethodsByGroup() took 0 ms.
2026-07-03 01:21:48 INFO  Utils:112 - [Utils] MethodGroupsHelper.sortMethods() took 0 ms.
2026-07-03 01:21:48 INFO  Utils:112 - [Utils] MethodGroupsHelper.collectMethodsByGroup() took 0 ms.
2026-07-03 01:21:48 INFO  Utils:112 - [Utils] MethodGroupsHelper.sortMethods() took 0 ms.
2026-07-03 01:21:48 INFO  Utils:112 - [Utils] MethodGroupsHelper.collectMethodsByGroup() took 0 ms.
2026-07-03 01:21:48 INFO  Utils:112 - [Utils] MethodGroupsHelper.sortMethods() took 0 ms.
2026-07-03 01:21:48 INFO  Utils:112 - [Utils] MethodGroupsHelper.collectMethodsByGroup() took 0 ms.
2026-07-03 01:21:48 INFO  Utils:112 - [Utils] MethodGroupsHelper.sortMethods() took 0 ms.
2026-07-03 01:21:48 INFO  Utils:112 - [Utils] MethodGroupsHelper.collectMethodsByGroup() took 0 ms.
2026-07-03 01:21:48 INFO  Utils:112 - [Utils] MethodGroupsHelper.sortMethods() took 0 ms.
2026-07-03 01:21:48 INFO  Utils:112 - [Utils] MethodGroupsHelper.collectMethodsByGroup() took 0 ms.
2026-07-03 01:21:48 INFO  Utils:112 - [Utils] MethodGroupsHelper.sortMethods() took 0 ms.
2026-07-03 01:21:48 INFO  Utils:112 - [Utils] MethodGroupsHelper.collectMethodsByGroup() took 0 ms.
2026-07-03 01:21:48 INFO  Utils:112 - [Utils] MethodGroupsHelper.sortMethods() took 0 ms.
2026-07-03 01:21:48 INFO  Utils:112 - [Utils] MethodGroupsHelper.collectMethodsByGroup() took 0 ms.
2026-07-03 01:21:48 INFO  Utils:112 - [Utils] MethodGroupsHelper.sortMethods() took 0 ms.
2026-07-03 01:21:48 INFO  Utils:112 - [Utils] MethodGroupsHelper.collectMethodsByGroup() took 0 ms.
2026-07-03 01:21:48 INFO  Utils:112 - [Utils] MethodGroupsHelper.sortMethods() took 0 ms.
2026-07-03 01:21:48 INFO  Utils:112 - [Utils] MethodGroupsHelper.collectMethodsByGroup() took 0 ms.
2026-07-03 01:21:48 INFO  Utils:112 - [Utils] MethodGroupsHelper.sortMethods() took 0 ms.
2026-07-03 01:21:48 INFO  Utils:112 - [Utils] MethodGroupsHelper.collectMethodsByGroup() took 0 ms.
2026-07-03 01:21:48 INFO  Utils:112 - [Utils] MethodGroupsHelper.sortMethods() took 0 ms.
2026-07-03 01:21:48 INFO  Utils:112 - [Utils] MethodGroupsHelper.collectMethodsByGroup() took 0 ms.
2026-07-03 01:21:48 INFO  Utils:112 - [Utils] MethodGroupsHelper.sortMethods() took 0 ms.
2026-07-03 01:21:48 INFO  Utils:112 - [Utils] MethodGroupsHelper.collectMethodsByGroup() took 0 ms.
2026-07-03 01:21:48 INFO  Utils:112 - [Utils] MethodGroupsHelper.sortMethods() took 0 ms.
2026-07-03 01:21:48 INFO  Utils:112 - [Utils] MethodGroupsHelper.collectMethodsByGroup() took 0 ms.
2026-07-03 01:21:48 INFO  Utils:112 - [Utils] MethodGroupsHelper.sortMethods() took 0 ms.
2026-07-03 01:21:48 INFO  Utils:112 - [Utils] MethodGroupsHelper.collectMethodsByGroup() took 0 ms.
2026-07-03 01:21:48 INFO  Utils:112 - [Utils] MethodGroupsHelper.sortMethods() took 0 ms.
2026-07-03 01:21:48 INFO  Utils:112 - [Utils] MethodGroupsHelper.collectMethodsByGroup() took 0 ms.
2026-07-03 01:21:48 INFO  Utils:112 - [Utils] MethodGroupsHelper.sortMethods() took 0 ms.
2026-07-03 01:21:48 INFO  Utils:112 - [Utils] MethodGroupsHelper.collectMethodsByGroup() took 0 ms.
2026-07-03 01:21:48 INFO  Utils:112 - [Utils] MethodGroupsHelper.sortMethods() took 0 ms.
2026-07-03 01:21:48 INFO  Utils:112 - [Utils] MethodGroupsHelper.collectMethodsByGroup() took 0 ms.
2026-07-03 01:21:48 INFO  Utils:112 - [Utils] MethodGroupsHelper.sortMethods() took 0 ms.
2026-07-03 01:21:48 INFO  Utils:112 - [Utils] MethodGroupsHelper.collectMethodsByGroup() took 0 ms.
2026-07-03 01:21:48 INFO  Utils:112 - [Utils] MethodGroupsHelper.sortMethods() took 0 ms.
2026-07-03 01:21:48 INFO  Utils:112 - [Utils] MethodGroupsHelper.collectMethodsByGroup() took 0 ms.
2026-07-03 01:21:48 INFO  Utils:112 - [Utils] MethodGroupsHelper.sortMethods() took 0 ms.
2026-07-03 01:21:48 INFO  Utils:112 - [Utils] MethodGroupsHelper.collectMethodsByGroup() took 0 ms.
2026-07-03 01:21:48 INFO  Utils:112 - [Utils] MethodGroupsHelper.sortMethods() took 0 ms.
2026-07-03 01:21:48 INFO  Utils:112 - [Utils] MethodGroupsHelper.collectMethodsByGroup() took 0 ms.
2026-07-03 01:21:48 INFO  Utils:112 - [Utils] MethodGroupsHelper.sortMethods() took 0 ms.
2026-07-03 01:21:48 INFO  Utils:112 - [Utils] MethodGroupsHelper.collectMethodsByGroup() took 0 ms.
2026-07-03 01:21:48 INFO  Utils:112 - [Utils] MethodGroupsHelper.sortMethods() took 0 ms.
2026-07-03 01:21:48 INFO  Utils:112 - [Utils] MethodGroupsHelper.collectMethodsByGroup() took 0 ms.
2026-07-03 01:21:48 INFO  Utils:112 - [Utils] MethodGroupsHelper.sortMethods() took 0 ms.
2026-07-03 01:21:48 INFO  Utils:112 - [Utils] MethodGroupsHelper.collectMethodsByGroup() took 0 ms.
2026-07-03 01:21:48 INFO  Utils:112 - [Utils] MethodGroupsHelper.sortMethods() took 0 ms.
2026-07-03 01:21:48 INFO  Utils:112 - [Utils] MethodGroupsHelper.collectMethodsByGroup() took 0 ms.
2026-07-03 01:21:48 INFO  Utils:112 - [Utils] MethodGroupsHelper.sortMethods() took 6 ms.
2026-07-03 01:21:48 INFO  Utils:112 - [Utils] MethodGroupsHelper.collectMethodsByGroup() took 0 ms.
2026-07-03 01:21:48 INFO  Utils:112 - [Utils] MethodGroupsHelper.sortMethods() took 0 ms.
2026-07-03 01:21:48 INFO  Utils:112 - [Utils] MethodGroupsHelper.collectMethodsByGroup() took 0 ms.
2026-07-03 01:21:48 INFO  Utils:112 - [Utils] MethodGroupsHelper.sortMethods() took 0 ms.
2026-07-03 01:21:48 INFO  Utils:112 - [Utils] MethodGroupsHelper.collectMethodsByGroup() took 0 ms.
2026-07-03 01:21:48 INFO  Utils:112 - [Utils] MethodGroupsHelper.sortMethods() took 0 ms.
2026-07-03 01:21:48 INFO  Utils:112 - [Utils] MethodGroupsHelper.collectMethodsByGroup() took 0 ms.
2026-07-03 01:21:48 INFO  Utils:112 - [Utils] MethodGroupsHelper.sortMethods() took 0 ms.
2026-07-03 01:21:48 INFO  Utils:112 - [Utils] MethodGroupsHelper.collectMethodsByGroup() took 0 ms.
2026-07-03 01:21:48 INFO  Utils:112 - [Utils] MethodGroupsHelper.sortMethods() took 0 ms.
2026-07-03 01:21:48 INFO  Utils:112 - [Utils] MethodGroupsHelper.collectMethodsByGroup() took 0 ms.
2026-07-03 01:21:48 INFO  Utils:112 - [Utils] MethodGroupsHelper.sortMethods() took 0 ms.
2026-07-03 01:21:48 INFO  Utils:112 - [Utils] MethodGroupsHelper.collectMethodsByGroup() took 0 ms.
2026-07-03 01:21:48 INFO  Utils:112 - [Utils] MethodGroupsHelper.sortMethods() took 0 ms.
2026-07-03 01:21:48 INFO  Utils:112 - [Utils] MethodGroupsHelper.collectMethodsByGroup() took 0 ms.
2026-07-03 01:21:48 INFO  Utils:112 - [Utils] MethodGroupsHelper.sortMethods() took 0 ms.
2026-07-03 01:21:48 INFO  Utils:112 - [Utils] MethodGroupsHelper.collectMethodsByGroup() took 0 ms.
2026-07-03 01:21:48 INFO  Utils:112 - [Utils] MethodGroupsHelper.sortMethods() took 0 ms.
2026-07-03 01:21:48 INFO  Utils:112 - [Utils] MethodGroupsHelper.collectMethodsByGroup() took 0 ms.
2026-07-03 01:21:48 INFO  Utils:112 - [Utils] MethodGroupsHelper.sortMethods() took 0 ms.
2026-07-03 01:21:48 INFO  Utils:112 - [Utils] MethodGroupsHelper.collectMethodsByGroup() took 0 ms.
2026-07-03 01:21:48 INFO  Utils:112 - [Utils] MethodGroupsHelper.sortMethods() took 2 ms.
2026-07-03 01:21:48 INFO  Utils:112 - [Utils] MethodGroupsHelper.collectMethodsByGroup() took 0 ms.
2026-07-03 01:21:48 INFO  Utils:112 - [Utils] MethodGroupsHelper.sortMethods() took 0 ms.
2026-07-03 01:21:48 INFO  Utils:112 - [Utils] MethodGroupsHelper.collectMethodsByGroup() took 0 ms.
2026-07-03 01:21:48 INFO  Utils:112 - [Utils] MethodGroupsHelper.sortMethods() took 0 ms.
2026-07-03 01:21:48 INFO  Utils:112 - [Utils] MethodGroupsHelper.collectMethodsByGroup() took 0 ms.
2026-07-03 01:21:48 INFO  Utils:112 - [Utils] MethodGroupsHelper.sortMethods() took 0 ms.
2026-07-03 01:21:48 INFO  Utils:112 - [Utils] MethodGroupsHelper.collectMethodsByGroup() took 0 ms.
2026-07-03 01:21:48 INFO  Utils:112 - [Utils] MethodGroupsHelper.sortMethods() took 0 ms.
2026-07-03 01:21:48 INFO  Utils:112 - [Utils] MethodGroupsHelper.collectMethodsByGroup() took 0 ms.
2026-07-03 01:21:48 INFO  Utils:112 - [Utils] MethodGroupsHelper.sortMethods() took 0 ms.
2026-07-03 01:21:48 INFO  Utils:112 - [Utils] MethodGroupsHelper.collectMethodsByGroup() took 0 ms.
2026-07-03 01:21:48 INFO  Utils:112 - [Utils] MethodGroupsHelper.sortMethods() took 0 ms.
2026-07-03 01:21:48 INFO  Utils:112 - [Utils] MethodGroupsHelper.collectMethodsByGroup() took 0 ms.
2026-07-03 01:21:48 INFO  Utils:112 - [Utils] MethodGroupsHelper.sortMethods() took 0 ms.
2026-07-03 01:21:48 INFO  Utils:112 - [Utils] MethodGroupsHelper.collectMethodsByGroup() took 0 ms.
2026-07-03 01:21:48 INFO  Utils:112 - [Utils] MethodGroupsHelper.sortMethods() took 0 ms.
2026-07-03 01:21:48 INFO  Utils:112 - [Utils] MethodGroupsHelper.collectMethodsByGroup() took 0 ms.
2026-07-03 01:21:48 INFO  Utils:112 - [Utils] MethodGroupsHelper.sortMethods() took 0 ms.
2026-07-03 01:21:48 INFO  Utils:112 - [Utils] MethodGroupsHelper.collectMethodsByGroup() took 0 ms.
2026-07-03 01:21:48 INFO  Utils:112 - [Utils] MethodGroupsHelper.sortMethods() took 0 ms.
2026-07-03 01:21:48 INFO  Utils:112 - [Utils] MethodGroupsHelper.collectMethodsByGroup() took 0 ms.
2026-07-03 01:21:48 INFO  Utils:112 - [Utils] MethodGroupsHelper.sortMethods() took 0 ms.
2026-07-03 01:21:48 INFO  Utils:112 - [Utils] MethodGroupsHelper.collectMethodsByGroup() took 0 ms.
2026-07-03 01:21:48 INFO  Utils:112 - [Utils] MethodGroupsHelper.sortMethods() took 0 ms.
2026-07-03 01:21:48 INFO  Utils:112 - [Utils] MethodGroupsHelper.collectMethodsByGroup() took 0 ms.
2026-07-03 01:21:48 INFO  Utils:112 - [Utils] MethodGroupsHelper.sortMethods() took 0 ms.
2026-07-03 01:21:48 INFO  Utils:112 - [Utils] MethodGroupsHelper.collectMethodsByGroup() took 0 ms.
2026-07-03 01:21:48 INFO  Utils:112 - [Utils] MethodGroupsHelper.sortMethods() took 0 ms.
2026-07-03 01:21:48 INFO  Utils:112 - [Utils] MethodGroupsHelper.collectMethodsByGroup() took 1 ms.
2026-07-03 01:21:48 INFO  Utils:112 - [Utils] MethodGroupsHelper.sortMethods() took 0 ms.
2026-07-03 01:21:48 INFO  Utils:112 - [Utils] MethodGroupsHelper.collectMethodsByGroup() took 0 ms.
2026-07-03 01:21:48 INFO  Utils:112 - [Utils] MethodGroupsHelper.sortMethods() took 0 ms.
2026-07-03 01:21:48 INFO  Utils:112 - [Utils] MethodGroupsHelper.collectMethodsByGroup() took 0 ms.
2026-07-03 01:21:48 INFO  Utils:112 - [Utils] MethodGroupsHelper.sortMethods() took 0 ms.
2026-07-03 01:21:48 INFO  Utils:112 - [Utils] MethodGroupsHelper.collectMethodsByGroup() took 0 ms.
2026-07-03 01:21:48 INFO  Utils:112 - [Utils] MethodGroupsHelper.sortMethods() took 0 ms.
2026-07-03 01:21:48 INFO  Utils:112 - [Utils] MethodGroupsHelper.collectMethodsByGroup() took 0 ms.
2026-07-03 01:21:48 INFO  Utils:112 - [Utils] MethodGroupsHelper.sortMethods() took 0 ms.
2026-07-03 01:21:48 INFO  Utils:112 - [Utils] MethodGroupsHelper.collectMethodsByGroup() took 0 ms.
2026-07-03 01:21:48 INFO  Utils:112 - [Utils] MethodGroupsHelper.sortMethods() took 1 ms.
2026-07-03 01:21:48 INFO  Utils:112 - [Utils] MethodGroupsHelper.collectMethodsByGroup() took 0 ms.
2026-07-03 01:21:48 INFO  Utils:112 - [Utils] MethodGroupsHelper.sortMethods() took 0 ms.
2026-07-03 01:21:48 INFO  Utils:112 - [Utils] MethodGroupsHelper.collectMethodsByGroup() took 0 ms.
2026-07-03 01:21:48 INFO  Utils:112 - [Utils] MethodGroupsHelper.sortMethods() took 0 ms.
2026-07-03 01:21:48 INFO  Utils:112 - [Utils] MethodGroupsHelper.collectMethodsByGroup() took 1 ms.
2026-07-03 01:21:48 INFO  Utils:112 - [Utils] MethodGroupsHelper.sortMethods() took 1 ms.
2026-07-03 01:21:48 INFO  Utils:112 - [Utils] MethodGroupsHelper.collectMethodsByGroup() took 0 ms.
2026-07-03 01:21:48 INFO  Utils:112 - [Utils] MethodGroupsHelper.sortMethods() took 0 ms.
2026-07-03 01:21:48 INFO  Utils:112 - [Utils] MethodGroupsHelper.collectMethodsByGroup() took 0 ms.
2026-07-03 01:21:48 INFO  Utils:112 - [Utils] MethodGroupsHelper.sortMethods() took 0 ms.
2026-07-03 01:21:48 INFO  Utils:112 - [TestNG] Running:
  C:\Users\2494470\OneDrive - Cognizant\Desktop\RideOnDemandTesting_New\RideOnDemandTesting_New\testng.xml

2026-07-03 01:21:54 INFO  TS001_Registration:16 - =========================================================
2026-07-03 01:21:54 INFO  TS001_Registration:17 - STARTING TEST CASE: TC001_verifyUserRegistrationAsCustomer
2026-07-03 01:21:54 INFO  TS001_Registration:18 - =========================================================
2026-07-03 01:21:54 INFO  TS001_Registration:136 - Navigating to Registration page from Home page...
2026-07-03 01:21:54 INFO  TS001_Registration:141 - Clicking Customer button
2026-07-03 01:22:01 INFO  TS001_Registration:23 - SUCCESS: TC001_verifyUserRegistrationAsCustomer passed successfully!
2026-07-03 01:22:06 INFO  TS001_Registration:36 - =========================================================
2026-07-03 01:22:06 INFO  TS001_Registration:37 - STARTING TEST CASE: TC002_verifyUserRegistrationAsVendor
2026-07-03 01:22:06 INFO  TS001_Registration:38 - =========================================================
2026-07-03 01:22:06 INFO  TS001_Registration:136 - Navigating to Registration page from Home page...
2026-07-03 01:22:06 INFO  TS001_Registration:145 - Clicking Vendor button
2026-07-03 01:22:07 ERROR TS001_Registration:47 - FAILURE: Exception encountered during TC002 execution!
2026-07-03 01:22:07 ERROR TS001_Registration:48 - Exception Message: Keys to send must be set
2026-07-03 01:22:11 INFO  TS001_Registration:55 - =========================================================
2026-07-03 01:22:11 INFO  TS001_Registration:56 - STARTING TEST CASE: TC003_verifyUserRegistrationAsAdmin
2026-07-03 01:22:11 INFO  TS001_Registration:57 - =========================================================
2026-07-03 01:22:11 INFO  TS001_Registration:136 - Navigating to Registration page from Home page...
2026-07-03 01:22:19 INFO  TS001_Registration:61 - SUCCESS: TC003_verifyUserRegistrationAsAdmin passed successfully!
2026-07-03 01:22:24 INFO  TS001_Registration:74 - =========================================================
2026-07-03 01:22:24 INFO  TS001_Registration:75 - STARTING TEST CASE: TC004_verifyUserRegistrationWithDuplicateEmail
2026-07-03 01:22:24 INFO  TS001_Registration:76 - =========================================================
2026-07-03 01:22:24 INFO  TS001_Registration:136 - Navigating to Registration page from Home page...
2026-07-03 01:22:24 INFO  TS001_Registration:141 - Clicking Customer button
2026-07-03 01:22:31 INFO  TS001_Registration:136 - Navigating to Registration page from Home page...
2026-07-03 01:22:31 INFO  TS001_Registration:141 - Clicking Customer button
2026-07-03 01:22:42 INFO  TS001_Registration:85 - SUCCESS: TC004_verifyUserRegistrationWithDuplicateEmail passed successfully!
2026-07-03 01:22:48 INFO  TS001_Registration:98 - =========================================================
2026-07-03 01:22:48 INFO  TS001_Registration:99 - STARTING TEST CASE: TC005_verifyUserRegistrationWithDuplicateMobile
2026-07-03 01:22:48 INFO  TS001_Registration:100 - =========================================================
2026-07-03 01:22:48 INFO  TS001_Registration:136 - Navigating to Registration page from Home page...
2026-07-03 01:22:48 INFO  TS001_Registration:141 - Clicking Customer button
2026-07-03 01:22:54 INFO  TS001_Registration:136 - Navigating to Registration page from Home page...
2026-07-03 01:22:54 INFO  TS001_Registration:141 - Clicking Customer button
2026-07-03 01:23:01 ERROR TS001_Registration:111 - ASSERTION FAILED: expected [false] but found [true]
2026-07-03 01:23:07 INFO  TS001_Registration:123 - =========================================================
2026-07-03 01:23:07 INFO  TS001_Registration:124 - STARTING TEST CASE: TC006_verifyErrorMessagesWhileRegisteringUser
2026-07-03 01:23:07 INFO  TS001_Registration:125 - =========================================================
2026-07-03 01:23:07 INFO  TS001_Registration:136 - Navigating to Registration page from Home page...
2026-07-03 01:23:08 INFO  TS001_Registration:141 - Clicking Customer button
2026-07-03 01:23:19 INFO  TS001_Registration:130 - SUCCESS: TC006_verifyErrorMessagesWhileRegisteringUser passed successfully!
2026-07-03 01:23:24 INFO  TS001_Registration:123 - =========================================================
2026-07-03 01:23:24 INFO  TS001_Registration:124 - STARTING TEST CASE: TC006_verifyErrorMessagesWhileRegisteringUser
2026-07-03 01:23:24 INFO  TS001_Registration:125 - =========================================================
2026-07-03 01:23:24 INFO  TS001_Registration:136 - Navigating to Registration page from Home page...
2026-07-03 01:23:24 INFO  TS001_Registration:141 - Clicking Customer button
2026-07-03 01:23:35 INFO  TS001_Registration:130 - SUCCESS: TC006_verifyErrorMessagesWhileRegisteringUser passed successfully!
2026-07-03 01:23:41 INFO  TS001_Registration:123 - =========================================================
2026-07-03 01:23:41 INFO  TS001_Registration:124 - STARTING TEST CASE: TC006_verifyErrorMessagesWhileRegisteringUser
2026-07-03 01:23:41 INFO  TS001_Registration:125 - =========================================================
2026-07-03 01:23:41 INFO  TS001_Registration:136 - Navigating to Registration page from Home page...
2026-07-03 01:23:42 INFO  TS001_Registration:141 - Clicking Customer button
2026-07-03 01:23:53 INFO  TS001_Registration:130 - SUCCESS: TC006_verifyErrorMessagesWhileRegisteringUser passed successfully!
2026-07-03 01:23:58 INFO  TS001_Registration:123 - =========================================================
2026-07-03 01:23:58 INFO  TS001_Registration:124 - STARTING TEST CASE: TC006_verifyErrorMessagesWhileRegisteringUser
2026-07-03 01:23:58 INFO  TS001_Registration:125 - =========================================================
2026-07-03 01:23:58 INFO  TS001_Registration:136 - Navigating to Registration page from Home page...
2026-07-03 01:23:58 INFO  TS001_Registration:141 - Clicking Customer button
2026-07-03 01:24:09 INFO  TS001_Registration:130 - SUCCESS: TC006_verifyErrorMessagesWhileRegisteringUser passed successfully!
2026-07-03 01:24:16 INFO  TS001_Registration:123 - =========================================================
2026-07-03 01:24:16 INFO  TS001_Registration:124 - STARTING TEST CASE: TC006_verifyErrorMessagesWhileRegisteringUser
2026-07-03 01:24:16 INFO  TS001_Registration:125 - =========================================================
2026-07-03 01:24:16 INFO  TS001_Registration:136 - Navigating to Registration page from Home page...
2026-07-03 01:24:16 INFO  TS001_Registration:141 - Clicking Customer button
2026-07-03 01:24:28 ERROR TS001_Registration:132 - ASSERTION FAILED: expected [Enter a valid email address to continue.] but found [Password must be at least 8 characters.]
2026-07-03 01:24:33 INFO  TS001_Registration:123 - =========================================================
2026-07-03 01:24:33 INFO  TS001_Registration:124 - STARTING TEST CASE: TC006_verifyErrorMessagesWhileRegisteringUser
2026-07-03 01:24:33 INFO  TS001_Registration:125 - =========================================================
2026-07-03 01:24:33 INFO  TS001_Registration:136 - Navigating to Registration page from Home page...
2026-07-03 01:24:34 INFO  TS001_Registration:141 - Clicking Customer button
2026-07-03 01:24:45 INFO  TS001_Registration:130 - SUCCESS: TC006_verifyErrorMessagesWhileRegisteringUser passed successfully!
2026-07-03 01:24:50 INFO  TS001_Registration:123 - =========================================================
2026-07-03 01:24:50 INFO  TS001_Registration:124 - STARTING TEST CASE: TC006_verifyErrorMessagesWhileRegisteringUser
2026-07-03 01:24:50 INFO  TS001_Registration:125 - =========================================================
2026-07-03 01:24:50 INFO  TS001_Registration:136 - Navigating to Registration page from Home page...
2026-07-03 01:24:50 INFO  TS001_Registration:141 - Clicking Customer button
2026-07-03 01:25:01 INFO  TS001_Registration:130 - SUCCESS: TC006_verifyErrorMessagesWhileRegisteringUser passed successfully!
2026-07-03 01:25:06 INFO  TS001_Registration:123 - =========================================================
2026-07-03 01:25:06 INFO  TS001_Registration:124 - STARTING TEST CASE: TC006_verifyErrorMessagesWhileRegisteringUser
2026-07-03 01:25:06 INFO  TS001_Registration:125 - =========================================================
2026-07-03 01:25:06 INFO  TS001_Registration:136 - Navigating to Registration page from Home page...
2026-07-03 01:25:06 INFO  TS001_Registration:141 - Clicking Customer button
2026-07-03 01:25:18 INFO  TS001_Registration:130 - SUCCESS: TC006_verifyErrorMessagesWhileRegisteringUser passed successfully!
2026-07-03 01:25:22 INFO  TS001_Registration:123 - =========================================================
2026-07-03 01:25:22 INFO  TS001_Registration:124 - STARTING TEST CASE: TC006_verifyErrorMessagesWhileRegisteringUser
2026-07-03 01:25:22 INFO  TS001_Registration:125 - =========================================================
2026-07-03 01:25:22 INFO  TS001_Registration:136 - Navigating to Registration page from Home page...
2026-07-03 01:25:23 INFO  TS001_Registration:141 - Clicking Customer button
2026-07-03 01:25:34 INFO  TS001_Registration:130 - SUCCESS: TC006_verifyErrorMessagesWhileRegisteringUser passed successfully!
2026-07-03 01:25:40 INFO  TS001_Registration:123 - =========================================================
2026-07-03 01:25:40 INFO  TS001_Registration:124 - STARTING TEST CASE: TC006_verifyErrorMessagesWhileRegisteringUser
2026-07-03 01:25:40 INFO  TS001_Registration:125 - =========================================================
2026-07-03 01:25:40 INFO  TS001_Registration:136 - Navigating to Registration page from Home page...
2026-07-03 01:25:41 INFO  TS001_Registration:141 - Clicking Customer button
2026-07-03 01:25:52 INFO  TS001_Registration:130 - SUCCESS: TC006_verifyErrorMessagesWhileRegisteringUser passed successfully!
2026-07-03 01:25:57 INFO  TS001_Registration:123 - =========================================================
2026-07-03 01:25:57 INFO  TS001_Registration:124 - STARTING TEST CASE: TC006_verifyErrorMessagesWhileRegisteringUser
2026-07-03 01:25:57 INFO  TS001_Registration:125 - =========================================================
2026-07-03 01:25:57 INFO  TS001_Registration:136 - Navigating to Registration page from Home page...
2026-07-03 01:25:57 INFO  TS001_Registration:141 - Clicking Customer button
2026-07-03 01:26:08 INFO  TS001_Registration:130 - SUCCESS: TC006_verifyErrorMessagesWhileRegisteringUser passed successfully!
2026-07-03 01:26:15 INFO  TS001_Registration:123 - =========================================================
2026-07-03 01:26:15 INFO  TS001_Registration:124 - STARTING TEST CASE: TC006_verifyErrorMessagesWhileRegisteringUser
2026-07-03 01:26:15 INFO  TS001_Registration:125 - =========================================================
2026-07-03 01:26:15 INFO  TS001_Registration:136 - Navigating to Registration page from Home page...
2026-07-03 01:26:15 INFO  TS001_Registration:141 - Clicking Customer button
2026-07-03 01:26:27 INFO  TS001_Registration:130 - SUCCESS: TC006_verifyErrorMessagesWhileRegisteringUser passed successfully!
2026-07-03 01:26:32 INFO  TS001_Registration:123 - =========================================================
2026-07-03 01:26:32 INFO  TS001_Registration:124 - STARTING TEST CASE: TC006_verifyErrorMessagesWhileRegisteringUser
2026-07-03 01:26:32 INFO  TS001_Registration:125 - =========================================================
2026-07-03 01:26:32 INFO  TS001_Registration:136 - Navigating to Registration page from Home page...
2026-07-03 01:26:32 INFO  TS001_Registration:141 - Clicking Customer button
2026-07-03 01:26:44 INFO  TS001_Registration:130 - SUCCESS: TC006_verifyErrorMessagesWhileRegisteringUser passed successfully!
2026-07-03 01:26:50 INFO  TS001_Registration:123 - =========================================================
2026-07-03 01:26:50 INFO  TS001_Registration:124 - STARTING TEST CASE: TC006_verifyErrorMessagesWhileRegisteringUser
2026-07-03 01:26:50 INFO  TS001_Registration:125 - =========================================================
2026-07-03 01:26:50 INFO  TS001_Registration:136 - Navigating to Registration page from Home page...
2026-07-03 01:26:50 INFO  TS001_Registration:145 - Clicking Vendor button
2026-07-03 01:27:03 ERROR TS001_Registration:132 - ASSERTION FAILED: expected [Enter your shop name to continue.] but found [Email customer1@pss.com is already registered as CUSTOMER.]
2026-07-03 01:27:13 INFO  TS002_Login:14 - =========================================================
2026-07-03 01:27:13 INFO  TS002_Login:15 - STARTING TEST CASE: TC007_verifyLogin
2026-07-03 01:27:13 INFO  TS002_Login:16 - =========================================================
2026-07-03 01:27:13 INFO  TS002_Login:125 - Providing user credentials...
2026-07-03 01:27:13 INFO  TS002_Login:128 - Trying to logging in...
2026-07-03 01:27:15 INFO  TS002_Login:25 - SUCCESS: TC007_verifyLogin passed successfully!
2026-07-03 01:27:20 INFO  TS002_Login:14 - =========================================================
2026-07-03 01:27:20 INFO  TS002_Login:15 - STARTING TEST CASE: TC007_verifyLogin
2026-07-03 01:27:20 INFO  TS002_Login:16 - =========================================================
2026-07-03 01:27:21 INFO  TS002_Login:125 - Providing user credentials...
2026-07-03 01:27:21 INFO  TS002_Login:128 - Trying to logging in...
2026-07-03 01:27:24 INFO  TS002_Login:25 - SUCCESS: TC007_verifyLogin passed successfully!
2026-07-03 01:27:29 INFO  TS002_Login:14 - =========================================================
2026-07-03 01:27:29 INFO  TS002_Login:15 - STARTING TEST CASE: TC007_verifyLogin
2026-07-03 01:27:29 INFO  TS002_Login:16 - =========================================================
2026-07-03 01:27:30 INFO  TS002_Login:125 - Providing user credentials...
2026-07-03 01:27:30 INFO  TS002_Login:128 - Trying to logging in...
2026-07-03 01:27:32 INFO  TS002_Login:25 - SUCCESS: TC007_verifyLogin passed successfully!
2026-07-03 01:27:38 INFO  TS002_Login:125 - Providing user credentials...
2026-07-03 01:27:38 INFO  TS002_Login:128 - Trying to logging in...
2026-07-03 01:27:48 INFO  TS002_Login:46 - SUCCESS: TC008_verifyErrorMsgWhileUserLogin passed successfully!
2026-07-03 01:27:55 INFO  TS002_Login:125 - Providing user credentials...
2026-07-03 01:27:56 INFO  TS002_Login:128 - Trying to logging in...
2026-07-03 01:28:06 INFO  TS002_Login:46 - SUCCESS: TC008_verifyErrorMsgWhileUserLogin passed successfully!
2026-07-03 01:28:13 INFO  TS002_Login:125 - Providing user credentials...
2026-07-03 01:28:14 INFO  TS002_Login:128 - Trying to logging in...
2026-07-03 01:28:26 INFO  TS002_Login:46 - SUCCESS: TC008_verifyErrorMsgWhileUserLogin passed successfully!
2026-07-03 01:28:32 INFO  TS002_Login:125 - Providing user credentials...
2026-07-03 01:28:32 INFO  TS002_Login:128 - Trying to logging in...
2026-07-03 01:28:44 INFO  TS002_Login:46 - SUCCESS: TC008_verifyErrorMsgWhileUserLogin passed successfully!
2026-07-03 01:28:50 INFO  TS002_Login:125 - Providing user credentials...
2026-07-03 01:28:50 INFO  TS002_Login:128 - Trying to logging in...
2026-07-03 01:29:02 INFO  TS002_Login:46 - SUCCESS: TC008_verifyErrorMsgWhileUserLogin passed successfully!
2026-07-03 01:29:08 INFO  TS002_Login:125 - Providing user credentials...
2026-07-03 01:29:09 INFO  TS002_Login:128 - Trying to logging in...
2026-07-03 01:29:21 INFO  TS002_Login:46 - SUCCESS: TC008_verifyErrorMsgWhileUserLogin passed successfully!
2026-07-03 01:29:28 INFO  TS002_Login:125 - Providing user credentials...
2026-07-03 01:29:28 INFO  TS002_Login:128 - Trying to logging in...
2026-07-03 01:29:41 INFO  TS002_Login:46 - SUCCESS: TC008_verifyErrorMsgWhileUserLogin passed successfully!
2026-07-03 01:29:48 INFO  TS002_Login:125 - Providing user credentials...
2026-07-03 01:29:49 INFO  TS002_Login:128 - Trying to logging in...
2026-07-03 01:30:01 INFO  TS002_Login:46 - SUCCESS: TC008_verifyErrorMsgWhileUserLogin passed successfully!
2026-07-03 01:30:06 INFO  TS002_Login:125 - Providing user credentials...
2026-07-03 01:30:06 INFO  TS002_Login:128 - Trying to logging in...
2026-07-03 01:30:19 INFO  TS002_Login:46 - SUCCESS: TC008_verifyErrorMsgWhileUserLogin passed successfully!
2026-07-03 01:30:24 INFO  TS002_Login:125 - Providing user credentials...
2026-07-03 01:30:25 INFO  TS002_Login:128 - Trying to logging in...
2026-07-03 01:30:37 INFO  TS002_Login:46 - SUCCESS: TC008_verifyErrorMsgWhileUserLogin passed successfully!
2026-07-03 01:30:46 INFO  TS003_Logout:125 - Providing user credentials...
2026-07-03 01:30:46 INFO  TS003_Logout:128 - Trying to logging in...
2026-07-03 01:30:56 INFO  TS003_Logout:125 - Providing user credentials...
2026-07-03 01:30:56 INFO  TS003_Logout:128 - Trying to logging in...
2026-07-03 01:31:06 INFO  TS003_Logout:125 - Providing user credentials...
2026-07-03 01:31:06 INFO  TS003_Logout:128 - Trying to logging in...
2026-07-03 01:31:16 INFO  TS003:25 - Logging in as customer.
2026-07-03 01:31:16 INFO  TS003:32 - Logging in as new customer.
2026-07-03 01:31:16 INFO  TS003:125 - Providing user credentials...
2026-07-03 01:31:17 INFO  TS003:128 - Trying to logging in...
2026-07-03 01:31:20 INFO  TS003:52 - Customer login successful.
2026-07-03 01:31:20 INFO  TS003:101 - Executing TC_021 - Verify Dashboard For New User
2026-07-03 01:31:36 INFO  TS003:130 - TC_021 completed successfully.
2026-07-03 01:31:42 INFO  TS003:25 - Logging in as customer.
2026-07-03 01:31:42 INFO  TS003:39 - Logging in as existing customer.
2026-07-03 01:31:42 INFO  TS003:125 - Providing user credentials...
2026-07-03 01:31:43 INFO  TS003:128 - Trying to logging in...
2026-07-03 01:31:45 INFO  TS003:52 - Customer login successful.
2026-07-03 01:31:45 INFO  TS003:67 - Executing TC_020 - Verify Customer Dashboard
2026-07-03 01:31:49 INFO  TS003:86 - TC_020 completed successfully.
2026-07-03 01:31:54 INFO  TS004:22 - Logging in as customer.
2026-07-03 01:31:55 INFO  TS004:125 - Providing user credentials...
2026-07-03 01:31:55 INFO  TS004:128 - Trying to logging in...
2026-07-03 01:31:57 INFO  TS004:34 - Customer login successful.
2026-07-03 01:31:57 INFO  TS004:52 - Executing TC_022
2026-07-03 01:31:57 INFO  TS004:71 - TC_022 completed successfully.
2026-07-03 01:32:02 INFO  TS004:22 - Logging in as customer.
2026-07-03 01:32:03 INFO  TS004:125 - Providing user credentials...
2026-07-03 01:32:03 INFO  TS004:128 - Trying to logging in...
2026-07-03 01:32:05 INFO  TS004:34 - Customer login successful.
2026-07-03 01:32:05 INFO  TS004:88 - Executing TC_023
2026-07-03 01:32:08 INFO  TS004:115 - TC_023 completed successfully.
2026-07-03 01:32:15 INFO  TS004:22 - Logging in as customer.
2026-07-03 01:32:16 INFO  TS004:125 - Providing user credentials...
2026-07-03 01:32:16 INFO  TS004:128 - Trying to logging in...
2026-07-03 01:32:18 INFO  TS004:34 - Customer login successful.
2026-07-03 01:32:18 INFO  TS004:135 - Executing TC_024
2026-07-03 01:32:26 INFO  TS004:216 - TC_024 completed successfully.
2026-07-03 01:32:32 INFO  TS005:22 - Logging in as customer.
2026-07-03 01:32:32 INFO  TS005:125 - Providing user credentials...
2026-07-03 01:32:33 INFO  TS005:128 - Trying to logging in...
2026-07-03 01:32:35 INFO  TS005:49 - Customer login successful.
2026-07-03 01:32:35 INFO  TS005:67 - Executing TC_024
2026-07-03 01:32:35 INFO  TS005:77 - TC_024 completed successfully.
2026-07-03 01:32:40 INFO  TS005:22 - Logging in as customer.
2026-07-03 01:32:40 INFO  TS005:125 - Providing user credentials...
2026-07-03 01:32:40 INFO  TS005:128 - Trying to logging in...
2026-07-03 01:32:43 INFO  TS005:49 - Customer login successful.
2026-07-03 01:32:43 INFO  TS005:94 - Executing TC_025
2026-07-03 01:32:44 INFO  TS005:127 - TC_025 completed successfully.
2026-07-03 01:32:48 INFO  TS005:22 - Logging in as customer.
2026-07-03 01:32:49 INFO  TS005:125 - Providing user credentials...
2026-07-03 01:32:49 INFO  TS005:128 - Trying to logging in...
2026-07-03 01:32:52 INFO  TS005:49 - Customer login successful.
2026-07-03 01:32:52 INFO  TS005:143 - Executing TC_026
2026-07-03 01:32:52 INFO  TS005:155 - TC_026 PASSED: Notifications section shows empty state
2026-07-03 01:32:57 INFO  TS005:22 - Logging in as customer.
2026-07-03 01:32:57 INFO  TS005:125 - Providing user credentials...
2026-07-03 01:32:57 INFO  TS005:128 - Trying to logging in...
2026-07-03 01:33:01 INFO  TS005:49 - Customer login successful.
2026-07-03 01:33:01 INFO  TS005:207 - Executing TC_028
2026-07-03 01:33:01 INFO  TS005:215 - TC_028 completed successfully.
2026-07-03 01:33:06 INFO  TS006:24 - Logging in as customer.
2026-07-03 01:33:06 INFO  TS006:125 - Providing user credentials...
2026-07-03 01:33:07 INFO  TS006:128 - Trying to logging in...
2026-07-03 01:33:15 INFO  TS006:51 - Customer login successful.
2026-07-03 01:33:15 INFO  TS006:71 - Executing TC_029
2026-07-03 01:33:15 INFO  TS006:73 - TC_029 completed successfully.
2026-07-03 01:33:20 INFO  TS006:24 - Logging in as customer.
2026-07-03 01:33:20 INFO  TS006:125 - Providing user credentials...
2026-07-03 01:33:21 INFO  TS006:128 - Trying to logging in...
2026-07-03 01:33:29 INFO  TS006:51 - Customer login successful.
2026-07-03 01:33:29 INFO  TS006:88 - Executing TC_030
2026-07-03 01:33:29 INFO  TS006:98 - TC_030 completed successfully.
2026-07-03 01:33:34 INFO  TS006:24 - Logging in as customer.
2026-07-03 01:33:35 INFO  TS006:125 - Providing user credentials...
2026-07-03 01:33:35 INFO  TS006:128 - Trying to logging in...
2026-07-03 01:33:42 INFO  TS006:51 - Customer login successful.
2026-07-03 01:33:42 INFO  TS006:114 - Executing TC_031
2026-07-03 01:33:42 INFO  TS006:116 - ---------- Empty Field Test ----------
2026-07-03 01:33:42 WARN  TS006:126 - Observation: Empty fields accepted.
2026-07-03 01:33:42 INFO  TS006:131 - ---------- Invalid Date Test ----------
2026-07-03 01:33:42 WARN  TS006:141 - Observation: Past dates accepted.
2026-07-03 01:33:42 INFO  TS006:145 - ---------- Invalid Budget Test ----------
2026-07-03 01:33:43 WARN  TS006:155 - Observation: Negative budget accepted.
2026-07-03 01:33:48 INFO  TS006:24 - Logging in as customer.
2026-07-03 01:33:48 INFO  TS006:125 - Providing user credentials...
2026-07-03 01:33:49 INFO  TS006:128 - Trying to logging in...
2026-07-03 01:33:56 INFO  TS006:51 - Customer login successful.
2026-07-03 01:33:56 INFO  TS006:179 - Executing TC_032
2026-07-03 01:33:56 INFO  TS006:204 - TC_032 completed successfully.
2026-07-03 01:34:01 INFO  TS006:24 - Logging in as customer.
2026-07-03 01:34:02 INFO  TS006:125 - Providing user credentials...
2026-07-03 01:34:02 INFO  TS006:128 - Trying to logging in...
2026-07-03 01:34:09 INFO  TS006:51 - Customer login successful.
2026-07-03 01:34:09 INFO  TS006:221 - Executing TC_033
2026-07-03 01:34:10 WARN  TS006:249 - Observation: Application allows End Date before Start Date.
2026-07-03 01:34:15 INFO  TS006:24 - Logging in as customer.
2026-07-03 01:34:16 INFO  TS006:125 - Providing user credentials...
2026-07-03 01:34:16 INFO  TS006:128 - Trying to logging in...
2026-07-03 01:34:24 INFO  TS006:51 - Customer login successful.
2026-07-03 01:34:24 INFO  TS006:272 - Executing TC_034
2026-07-03 01:34:24 INFO  TS006:288 - TC_034 completed successfully.
2026-07-03 01:34:29 INFO  TS006:24 - Logging in as customer.
2026-07-03 01:34:30 INFO  TS006:125 - Providing user credentials...
2026-07-03 01:34:30 INFO  TS006:128 - Trying to logging in...
2026-07-03 01:34:38 INFO  TS006:51 - Customer login successful.
2026-07-03 01:34:38 INFO  TS006:305 - Executing TC_035
2026-07-03 01:35:20 INFO  TS006:340 - TC_035 completed successfully.
2026-07-03 01:35:27 INFO  TS006:24 - Logging in as customer.
2026-07-03 01:35:28 INFO  TS006:125 - Providing user credentials...
2026-07-03 01:35:28 INFO  TS006:128 - Trying to logging in...
2026-07-03 01:35:36 INFO  TS006:51 - Customer login successful.
2026-07-03 01:35:38 INFO  TS006:398 - TC_036 completed successfully.
2026-07-03 01:35:44 INFO  TS007:125 - Providing user credentials...
2026-07-03 01:35:45 INFO  TS007:128 - Trying to logging in...
2026-07-03 01:35:48 INFO  TS007:22 - =========================================================
2026-07-03 01:35:48 INFO  TS007:23 - STARTING TEST CASE: verifyDashboardMetricsDisplay
2026-07-03 01:35:48 INFO  TS007:24 - =========================================================
2026-07-03 01:35:48 INFO  TS007:42 - SUCCESS: verifyDashboardMetricsDisplay passed successfully! All dashboard metrics are displayed correctly.
2026-07-03 01:35:53 INFO  TS008:125 - Providing user credentials...
2026-07-03 01:35:53 INFO  TS008:128 - Trying to logging in...
2026-07-03 01:35:57 INFO  TS008:36 - =========================================================
2026-07-03 01:35:57 INFO  TS008:37 - STARTING TEST CASE: TC_038_verifyDemandFeedList
2026-07-03 01:35:57 INFO  TS008:38 - =========================================================
2026-07-03 01:35:57 INFO  TS008:44 - Vendor Dashboard loaded successfully
2026-07-03 01:35:57 INFO  TS008:49 - Live requirements heading is visible
2026-07-03 01:35:57 INFO  TS008:53 - Scrolled to Live requirements section
2026-07-03 01:36:01 INFO  TS008:60 - Demand feed list container is visible
2026-07-03 01:36:01 ERROR TS008:114 - ASSERTION FAILED: At least one requirement item should be displayed in the list expected [true] but found [false]
2026-07-03 01:36:06 INFO  TS008:125 - Providing user credentials...
2026-07-03 01:36:06 INFO  TS008:128 - Trying to logging in...
2026-07-03 01:36:10 INFO  TS008:126 - =========================================================
2026-07-03 01:36:10 INFO  TS008:127 - STARTING TEST CASE: TC_039_verifySendOfferButtonFunctionality
2026-07-03 01:36:10 INFO  TS008:128 - =========================================================
2026-07-03 01:36:10 INFO  TS008:134 - Vendor Dashboard loaded successfully
2026-07-03 01:36:10 INFO  TS008:138 - Scrolled to Live requirements section
2026-07-03 01:36:14 INFO  TS008:144 - Clicked on the first 'Send Offer' button
2026-07-03 01:36:16 INFO  TS008:151 - Offer form/modal is displayed successfully
2026-07-03 01:36:16 INFO  TS008:153 - SUCCESS: TC_039_verifySendOfferButtonFunctionality passed successfully!
2026-07-03 01:36:22 INFO  TS009:125 - Providing user credentials...
2026-07-03 01:36:22 INFO  TS009:128 - Trying to logging in...
2026-07-03 01:36:28 INFO  TS009:41 - =========================================================
2026-07-03 01:36:28 INFO  TS009:42 - STARTING TEST CASE: TC_040_verifySubmitOffer
2026-07-03 01:36:28 INFO  TS009:43 - =========================================================
2026-07-03 01:36:28 INFO  TS009:49 - Vendor Dashboard loaded successfully
2026-07-03 01:36:32 INFO  TS009:58 - Targeting Requirement ID: REQ_INDEX_0
2026-07-03 01:36:34 INFO  TS009:66 - Baseline State -> Requirements Left: 9 | Total Offers Placed: 20
2026-07-03 01:36:35 INFO  TS009:70 - Offer form submitted. Waiting for state synchronization...
2026-07-03 01:36:38 INFO  TS009:76 - Post-Submission State -> Requirements Left: 9 | Total Offers Placed: 20
2026-07-03 01:36:38 ERROR TS009:91 - ASSERTION FAILED: ❌ BUG DETECTED: My Offers panel count did not increment or took too long to increase ! Expected: 21, but got: 20 expected [21] but found [20]
2026-07-03 01:36:44 INFO  TS009:125 - Providing user credentials...
2026-07-03 01:36:44 INFO  TS009:128 - Trying to logging in...
2026-07-03 01:36:51 INFO  TS009:102 - =========================================================
2026-07-03 01:36:51 INFO  TS009:103 - STARTING TEST CASE: TC_041_verifyClearOfferForm
2026-07-03 01:36:51 INFO  TS009:104 - =========================================================
2026-07-03 01:36:51 INFO  TS009:111 - Vendor Dashboard loaded successfully
2026-07-03 01:36:55 INFO  TS009:118 - Found 9 live requirements
2026-07-03 01:36:57 INFO  TS009:126 - Offer form displayed
2026-07-03 01:36:57 INFO  TS009:129 - Entering data into form fields...
2026-07-03 01:36:58 INFO  TS009:131 - All data entered into form fields
2026-07-03 01:36:59 INFO  TS009:136 - Form field values BEFORE Clear -> Price: 2500
2026-07-03 01:36:59 INFO  TS009:141 - Clicking Clear button...
2026-07-03 01:37:00 INFO  TS009:146 - Checking if form fields successfully cleared...
2026-07-03 01:37:20 ERROR TS009:158 - ASSERTION FAILED: ❌ BUG DETECTED: The offer form closed after clicking Clear. Expected it to remain open with cleared fields. expected [true] but found [false]
2026-07-03 01:37:26 INFO  TS010:125 - Providing user credentials...
2026-07-03 01:37:26 INFO  TS010:128 - Trying to logging in...
2026-07-03 01:37:33 INFO  TS010:44 - =========================================================
2026-07-03 01:37:33 INFO  TS010:45 - STARTING TEST CASE: TC_042_verifyWithdrawOffer
2026-07-03 01:37:33 INFO  TS010:46 - =========================================================
2026-07-03 01:37:33 INFO  TS010:53 - Vendor Dashboard loaded successfully
2026-07-03 01:37:34 ERROR TS010:85 - ASSERTION FAILED: ❌ Pre-condition Failed: There are no offers available to withdraw. Count is 0. expected [true] but found [false]
2026-07-03 01:37:40 INFO  TS011:125 - Providing user credentials...
2026-07-03 01:37:40 INFO  TS011:128 - Trying to logging in...
2026-07-03 01:37:43 INFO  TS011:35 - =========================================================
2026-07-03 01:37:43 INFO  TS011:36 - STARTING TEST CASE: TC_043_verifyProfileDetails
2026-07-03 01:37:43 INFO  TS011:37 - =========================================================
2026-07-03 01:37:43 INFO  TS011:57 - SUCCESS: TC_043_verifyProfileDetails passed successfully!
2026-07-03 01:37:48 INFO  TS012:125 - Providing user credentials...
2026-07-03 01:37:49 INFO  TS012:128 - Trying to logging in...
2026-07-03 01:37:52 INFO  TS012:36 - =========================================================
2026-07-03 01:37:52 INFO  TS012:37 - STARTING TEST CASE: TC_044_verifyMailMetrics
2026-07-03 01:37:52 INFO  TS012:38 - =========================================================
2026-07-03 01:37:52 INFO  TS012:56 - SUCCESS: TC_044_verifyMailMetrics passed successfully!
2026-07-03 01:37:57 INFO  TS013:125 - Providing user credentials...
2026-07-03 01:37:57 INFO  TS013:128 - Trying to logging in...
2026-07-03 01:38:01 INFO  TS013:37 - =========================================================
2026-07-03 01:38:01 INFO  TS013:38 - STARTING TEST CASE: TC_045_verifySignOut
2026-07-03 01:38:01 INFO  TS013:39 - =========================================================
2026-07-03 01:38:01 INFO  TS013:57 - SUCCESS: TC_045_verifySignOut passed successfully!
2026-07-03 01:38:07 INFO  TS014:20 - Initializing TS014: Admin Dashboard Core Functionality
2026-07-03 01:38:07 INFO  TS014:125 - Providing user credentials...
2026-07-03 01:38:07 INFO  TS014:128 - Trying to logging in...
2026-07-03 01:38:11 INFO  TS014:30 - Starting TC_046: Verifying main header and layout rendering
2026-07-03 01:38:15 INFO  TS014:20 - Initializing TS014: Admin Dashboard Core Functionality
2026-07-03 01:38:16 INFO  TS014:125 - Providing user credentials...
2026-07-03 01:38:16 INFO  TS014:128 - Trying to logging in...
2026-07-03 01:38:19 INFO  TS014:39 - Starting TC_047: Verifying dashboard browser refresh behavior
2026-07-03 01:38:24 INFO  TS014:20 - Initializing TS014: Admin Dashboard Core Functionality
2026-07-03 01:38:25 INFO  TS014:125 - Providing user credentials...
2026-07-03 01:38:25 INFO  TS014:128 - Trying to logging in...
2026-07-03 01:38:27 INFO  TS014:49 - Starting TC_048: Verifying default active time filter
2026-07-03 01:38:34 INFO  TS014:20 - Initializing TS014: Admin Dashboard Core Functionality
2026-07-03 01:38:34 INFO  TS014:125 - Providing user credentials...
2026-07-03 01:38:34 INFO  TS014:128 - Trying to logging in...
2026-07-03 01:38:38 INFO  TS014:57 - Starting TC_049: Verifying month and year filter interactions
2026-07-03 01:38:43 INFO  TS014:20 - Initializing TS014: Admin Dashboard Core Functionality
2026-07-03 01:38:43 INFO  TS014:125 - Providing user credentials...
2026-07-03 01:38:44 INFO  TS014:128 - Trying to logging in...
2026-07-03 01:38:47 INFO  TS014:70 - Starting TC_050: Verifying profile button functionality and navigation
2026-07-03 01:38:53 INFO  TS015:19 - Initializing TS015: Admin Dashboard - Shop Approvals Management
2026-07-03 01:38:53 INFO  TS015:125 - Providing user credentials...
2026-07-03 01:38:53 INFO  TS015:128 - Trying to logging in...
2026-07-03 01:38:57 INFO  TS015:29 - Starting TC_051: Verifying pending shop metadata rendering
2026-07-03 01:39:01 INFO  TS015:35 - Successfully verified pending shop metadata rendering. Target first shop: InOLM
2026-07-03 01:39:07 INFO  TS015:19 - Initializing TS015: Admin Dashboard - Shop Approvals Management
2026-07-03 01:39:07 INFO  TS015:125 - Providing user credentials...
2026-07-03 01:39:07 INFO  TS015:128 - Trying to logging in...
2026-07-03 01:39:11 INFO  TS015:40 - Starting TC_052: Verifying 'Approve' action execution
2026-07-03 01:39:15 INFO  TS015:45 - Approving shop: InOLM | Initial verified count: 0
2026-07-03 01:39:35 INFO  TS015:53 - Refreshing page to fetch updated dashboard metrics.
2026-07-03 01:39:53 INFO  TS016:21 - Initializing TS016: Admin Profile Management & Session Termination
2026-07-03 01:39:53 INFO  TS016:125 - Providing user credentials...
2026-07-03 01:39:53 INFO  TS016:128 - Trying to logging in...
2026-07-03 01:39:57 INFO  TS016:31 - Navigating to Admin Profile Page
2026-07-03 01:39:57 INFO  TS016:40 - Starting TC_054: Verifying profile visual elements and data boxes
2026-07-03 01:40:02 INFO  TS016:21 - Initializing TS016: Admin Profile Management & Session Termination
2026-07-03 01:40:03 INFO  TS016:125 - Providing user credentials...
2026-07-03 01:40:03 INFO  TS016:128 - Trying to logging in...
2026-07-03 01:40:05 INFO  TS016:31 - Navigating to Admin Profile Page
2026-07-03 01:40:05 INFO  TS016:65 - Starting TC_055: Verifying browser refresh behavior on Profile Page
2026-07-03 01:40:10 INFO  TS016:21 - Initializing TS016: Admin Profile Management & Session Termination
2026-07-03 01:40:11 INFO  TS016:125 - Providing user credentials...
2026-07-03 01:40:12 INFO  TS016:128 - Trying to logging in...
2026-07-03 01:40:15 INFO  TS016:31 - Navigating to Admin Profile Page
2026-07-03 01:40:15 INFO  TS016:84 - Starting TC_056: Verifying account sign out functionality
